Build started 17.11.2017 1:53:00.
     1>Project "C:\Users\Edwin\Documents\Visual Studio 2013\Projects\problem2\problem2\problem2.vcxproj" on node 2 (Build target(s)).
     1>ClCompile:
         C:\Program Files (x86)\Microsoft Visual Studio 12.0\VC\bin\CL.exe /c /ZI /nologo /W3 /WX- /sdl /Od /Oy- /D _MBCS /Gm /EHsc /RTC1 /MDd /GS /fp:precise /Zc:wchar_t /Zc:forScope /Fo"Debug\\" /Fd"Debug\vc120.pdb" /Gd /TP /analyze- /errorReport:prompt problem2.cpp
         problem2.cpp
     1>c:\users\edwin\documents\visual studio 2013\projects\problem2\problem2\problem2.cpp(24): warning C4018: '<' : signed/unsigned mismatch
     1>c:\users\edwin\documents\visual studio 2013\projects\problem2\problem2\problem2.cpp(41): warning C4018: '<' : signed/unsigned mismatch
     1>c:\users\edwin\documents\visual studio 2013\projects\problem2\problem2\problem2.cpp(44): warning C4018: '<' : signed/unsigned mismatch
     1>c:\users\edwin\documents\visual studio 2013\projects\problem2\problem2\problem2.cpp(47): warning C4018: '<' : signed/unsigned mismatch
     1>c:\users\edwin\documents\visual studio 2013\projects\problem2\problem2\problem2.cpp(49): warning C4018: '<' : signed/unsigned mismatch
     1>c:\users\edwin\documents\visual studio 2013\projects\problem2\problem2\problem2.cpp(53): warning C4018: '<' : signed/unsigned mismatch
     1>c:\users\edwin\documents\visual studio 2013\projects\problem2\problem2\problem2.cpp(58): warning C4018: '<' : signed/unsigned mismatch
     1>c:\users\edwin\documents\visual studio 2013\projects\problem2\problem2\problem2.cpp(72): warning C4018: '<' : signed/unsigned mismatch
     1>c:\users\edwin\documents\visual studio 2013\projects\problem2\problem2\problem2.cpp(106): warning C4018: '<' : signed/unsigned mismatch
     1>c:\users\edwin\documents\visual studio 2013\projects\problem2\problem2\problem2.cpp(120): warning C4018: '<' : signed/unsigned mismatch
     1>c:\users\edwin\documents\visual studio 2013\projects\problem2\problem2\problem2.cpp(140): warning C4018: '<' : signed/unsigned mismatch
       Link:
         C:\Program Files (x86)\Microsoft Visual Studio 12.0\VC\bin\link.exe /ERRORREPORT:PROMPT /OUT:"C:\Users\Edwin\Documents\Visual Studio 2013\Projects\problem2\Debug\problem2.exe" /INCREMENTAL /NOLOGO kernel32.lib user32.lib gdi32.lib winspool.lib comdlg32.lib advapi32.lib shell32.lib ole32.lib oleaut32.lib uuid.lib odbc32.lib odbccp32.lib /MANIFEST /MANIFESTUAC:"level='asInvoker' uiAccess='false'" /manifest:embed /DEBUG /PDB:"C:\Users\Edwin\Documents\Visual Studio 2013\Projects\problem2\Debug\problem2.pdb" /TLBID:1 /DYNAMICBASE /NXCOMPAT /IMPLIB:"C:\Users\Edwin\Documents\Visual Studio 2013\Projects\problem2\Debug\problem2.lib" /MACHINE:X86 Debug\problem2.obj
         problem2.vcxproj -> C:\Users\Edwin\Documents\Visual Studio 2013\Projects\problem2\Debug\problem2.exe
     1>Done Building Project "C:\Users\Edwin\Documents\Visual Studio 2013\Projects\problem2\problem2\problem2.vcxproj" (Build target(s)).

Build succeeded.

Time Elapsed 00:00:02.91
